[2019-11-29 03:04:51] local.ERROR: Trying to get property 'at_sallon_friday' of non-object {"exception":"[object] (ErrorException(code: 0): Trying to get property 'at_sallon_friday' of non-object at /home/kejgvadt/domains/technocometsolutions.com/public_html/artist/Modules/Order/Http/Controllers/CustomerOrderApiController.php:1087)
[stacktrace]
#0 /home/kejgvadt/domains/technocometsolutions.com/public_html/artist/Modules/Order/Http/Controllers/CustomerOrderApiController.php(1087): Illuminate\\Foundation\\Bootstrap\\HandleExceptions->handleError(8, 'Trying to get p...', '/home/kejgvadt/...', 1087, Array)
#1 [internal function]: Modules\\Order\\Http\\Controllers\\CustomerOrderApiController->OrderTimeslotGet(Object(Illuminate\\Http\\Request))
#2 /home/kejgvadt/domains/technocometsolutions.com/public_html/artist/vendor/laravel/framework/src/Illuminate/Routing/Controller.php(54): call_user_func_array(Array, Array)
#3 /home/kejgvadt/domains/technocometsolutions.com/public_html/artist/vendor/laravel/framework/src/Illuminate/Routing/ControllerDispatcher.php(45): Illuminate\\Routing\\Controller->callAction('OrderTimeslotGe...', Array)
#4 /home/kejgvadt/domains/technocometsolutions.com/public_html/artist/vendor/laravel/framework/src/Illuminate/Routing/Route.php(219): Illuminate\\Routing\\ControllerDispatcher->dispatch(Object(Illuminate\\Routing\\Route), Object(Modules\\Order\\Http\\Controllers\\CustomerOrderApiController), 'OrderTimeslotGe...')
#5 /home/kejgvadt/domains/technocometsolutions.com/public_html/artist/vendor/laravel/framework/src/Illuminate/Routing/Route.php(176): Illuminate\\Routing\\Route->runController()
#6 /home/kejgvadt/domains/technocometsolutions.com/public_html/artist/vendor/laravel/framework/src/Illuminate/Routing/Router.php(680): Illuminate\\Routing\\Route->run()
#7 /home/kejgvadt/domains/technocometsolutions.com/public_html/artist/vendor/laravel/framework/src/Illuminate/Pipeline/Pipeline.php(130): Illuminate\\Routing\\Router->Illuminate\\Routing\\{closure}(Object(Illuminate\\Http\\Request))
#8 /home/kejgvadt/domains/technocometsolutions.com/public_html/artist/vendor/laravel/framework/src/Illuminate/Routing/Middleware/SubstituteBindings.php(41): Illuminate\\Pipeline\\Pipeline->Illuminate\\Pipeline\\{closure}(Object(Illuminate\\Http\\Request))
#9 /home/kejgvadt/domains/technocometsolutions.com/public_html/artist/vendor/laravel/framework/src/Illuminate/Pipeline/Pipeline.php(171): Illuminate\\Routing\\Middleware\\SubstituteBindings->handle(Object(Illuminate\\Http\\Request), Object(Closure))
#10 /home/kejgvadt/domains/technocometsolutions.com/public_html/artist/vendor/laravel/framework/src/Illuminate/Routing/Middleware/ThrottleRequests.php(59): Illuminate\\Pipeline\\Pipeline->Illuminate\\Pipeline\\{closure}(Object(Illuminate\\Http\\Request))
#11 /home/kejgvadt/domains/technocometsolutions.com/public_html/artist/vendor/laravel/framework/src/Illuminate/Pipeline/Pipeline.php(171): Illuminate\\Routing\\Middleware\\ThrottleRequests->handle(Object(Illuminate\\Http\\Request), Object(Closure), 60, '1')
#12 /home/kejgvadt/domains/technocometsolutions.com/public_html/artist/vendor/laravel/framework/src/Illuminate/Pipeline/Pipeline.php(105): Illuminate\\Pipeline\\Pipeline->Illuminate\\Pipeline\\{closure}(Object(Illuminate\\Http\\Request))
#13 /home/kejgvadt/domains/technocometsolutions.com/public_html/artist/vendor/laravel/framework/src/Illuminate/Routing/Router.php(682): Illuminate\\Pipeline\\Pipeline->then(Object(Closure))
#14 /home/kejgvadt/domains/technocometsolutions.com/public_html/artist/vendor/laravel/framework/src/Illuminate/Routing/Router.php(657): Illuminate\\Routing\\Router->runRouteWithinStack(Object(Illuminate\\Routing\\Route), Object(Illuminate\\Http\\Request))
#15 /home/kejgvadt/domains/technocometsolutions.com/public_html/artist/vendor/laravel/framework/src/Illuminate/Routing/Router.php(623): Illuminate\\Routing\\Router->runRoute(Object(Illuminate\\Http\\Request), Object(Illuminate\\Routing\\Route))
#16 /home/kejgvadt/domains/technocometsolutions.com/public_html/artist/vendor/laravel/framework/src/Illuminate/Routing/Router.php(612): Illuminate\\Routing\\Router->dispatchToRoute(Object(Illuminate\\Http\\Request))
#17 /home/kejgvadt/domains/technocometsolutions.com/public_html/artist/vendor/laravel/framework/src/Illuminate/Foundation/Http/Kernel.php(176): Illuminate\\Routing\\Router->dispatch(Object(Illuminate\\Http\\Request))
#18 /home/kejgvadt/domains/technocometsolutions.com/public_html/artist/vendor/laravel/framework/src/Illuminate/Pipeline/Pipeline.php(130): Illuminate\\Foundation\\Http\\Kernel->Illuminate\\Foundation\\Http\\{closure}(Object(Illuminate\\Http\\Request))
#19 /home/kejgvadt/domains/technocometsolutions.com/public_html/artist/vendor/laravel/framework/src/Illuminate/Foundation/Http/Middleware/TransformsRequest.php(21): Illuminate\\Pipeline\\Pipeline->Illuminate\\Pipeline\\{closure}(Object(Illuminate\\Http\\Request))
#20 /home/kejgvadt/domains/technocometsolutions.com/public_html/artist/vendor/laravel/framework/src/Illuminate/Pipeline/Pipeline.php(171): Illuminate\\Foundation\\Http\\Middleware\\TransformsRequest->handle(Object(Illuminate\\Http\\Request), Object(Closure))
#21 /home/kejgvadt/domains/technocometsolutions.com/public_html/artist/vendor/laravel/framework/src/Illuminate/Foundation/Http/Middleware/TransformsRequest.php(21): Illuminate\\Pipeline\\Pipeline->Illuminate\\Pipeline\\{closure}(Object(Illuminate\\Http\\Request))
#22 /home/kejgvadt/domains/technocometsolutions.com/public_html/artist/vendor/laravel/framework/src/Illuminate/Pipeline/Pipeline.php(171): Illuminate\\Foundation\\Http\\Middleware\\TransformsRequest->handle(Object(Illuminate\\Http\\Request), Object(Closure))
#23 /home/kejgvadt/domains/technocometsolutions.com/public_html/artist/vendor/laravel/framework/src/Illuminate/Foundation/Http/Middleware/ValidatePostSize.php(27): Illuminate\\Pipeline\\Pipeline->Illuminate\\Pipeline\\{closure}(Object(Illuminate\\Http\\Request))
#24 /home/kejgvadt/domains/technocometsolutions.com/public_html/artist/vendor/laravel/framework/src/Illuminate/Pipeline/Pipeline.php(171): Illuminate\\Foundation\\Http\\Middleware\\ValidatePostSize->handle(Object(Illuminate\\Http\\Request), Object(Closure))
#25 /home/kejgvadt/domains/technocometsolutions.com/public_html/artist/vendor/laravel/framework/src/Illuminate/Foundation/Http/Middleware/CheckForMaintenanceMode.php(62): Illuminate\\Pipeline\\Pipeline->Illuminate\\Pipeline\\{closure}(Object(Illuminate\\Http\\Request))
#26 /home/kejgvadt/domains/technocometsolutions.com/public_html/artist/vendor/laravel/framework/src/Illuminate/Pipeline/Pipeline.php(171): Illuminate\\Foundation\\Http\\Middleware\\CheckForMaintenanceMode->handle(Object(Illuminate\\Http\\Request), Object(Closure))
#27 /home/kejgvadt/domains/technocometsolutions.com/public_html/artist/vendor/fideloper/proxy/src/TrustProxies.php(57): Illuminate\\Pipeline\\Pipeline->Illuminate\\Pipeline\\{closure}(Object(Illuminate\\Http\\Request))
#28 /home/kejgvadt/domains/technocometsolutions.com/public_html/artist/vendor/laravel/framework/src/Illuminate/Pipeline/Pipeline.php(171): Fideloper\\Proxy\\TrustProxies->handle(Object(Illuminate\\Http\\Request), Object(Closure))
#29 /home/kejgvadt/domains/technocometsolutions.com/public_html/artist/vendor/laravel/framework/src/Illuminate/Pipeline/Pipeline.php(105): Illuminate\\Pipeline\\Pipeline->Illuminate\\Pipeline\\{closure}(Object(Illuminate\\Http\\Request))
#30 /home/kejgvadt/domains/technocometsolutions.com/public_html/artist/vendor/laravel/framework/src/Illuminate/Foundation/Http/Kernel.php(151): Illuminate\\Pipeline\\Pipeline->then(Object(Closure))
#31 /home/kejgvadt/domains/technocometsolutions.com/public_html/artist/vendor/laravel/framework/src/Illuminate/Foundation/Http/Kernel.php(116): Illuminate\\Foundation\\Http\\Kernel->sendRequestThroughRouter(Object(Illuminate\\Http\\Request))
#32 /home/kejgvadt/domains/technocometsolutions.com/public_html/artist/public/index.php(55): Illuminate\\Foundation\\Http\\Kernel->handle(Object(Illuminate\\Http\\Request))
#33 /home/kejgvadt/domains/technocometsolutions.com/public_html/artist/index.php(21): require_once('/home/kejgvadt/...')
#34 {main}
"} 
[2019-11-29 03:21:50] local.ERROR: Trying to get property 'at_sallon_friday' of non-object {"exception":"[object] (ErrorException(code: 0): Trying to get property 'at_sallon_friday' of non-object at /home/kejgvadt/domains/technocometsolutions.com/public_html/artist/Modules/Order/Http/Controllers/CustomerOrderApiController.php:1087)
[stacktrace]
#0 /home/kejgvadt/domains/technocometsolutions.com/public_html/artist/Modules/Order/Http/Controllers/CustomerOrderApiController.php(1087): Illuminate\\Foundation\\Bootstrap\\HandleExceptions->handleError(8, 'Trying to get p...', '/home/kejgvadt/...', 1087, Array)
#1 [internal function]: Modules\\Order\\Http\\Controllers\\CustomerOrderApiController->OrderTimeslotGet(Object(Illuminate\\Http\\Request))
#2 /home/kejgvadt/domains/technocometsolutions.com/public_html/artist/vendor/laravel/framework/src/Illuminate/Routing/Controller.php(54): call_user_func_array(Array, Array)
#3 /home/kejgvadt/domains/technocometsolutions.com/public_html/artist/vendor/laravel/framework/src/Illuminate/Routing/ControllerDispatcher.php(45): Illuminate\\Routing\\Controller->callAction('OrderTimeslotGe...', Array)
#4 /home/kejgvadt/domains/technocometsolutions.com/public_html/artist/vendor/laravel/framework/src/Illuminate/Routing/Route.php(219): Illuminate\\Routing\\ControllerDispatcher->dispatch(Object(Illuminate\\Routing\\Route), Object(Modules\\Order\\Http\\Controllers\\CustomerOrderApiController), 'OrderTimeslotGe...')
#5 /home/kejgvadt/domains/technocometsolutions.com/public_html/artist/vendor/laravel/framework/src/Illuminate/Routing/Route.php(176): Illuminate\\Routing\\Route->runController()
#6 /home/kejgvadt/domains/technocometsolutions.com/public_html/artist/vendor/laravel/framework/src/Illuminate/Routing/Router.php(680): Illuminate\\Routing\\Route->run()
#7 /home/kejgvadt/domains/technocometsolutions.com/public_html/artist/vendor/laravel/framework/src/Illuminate/Pipeline/Pipeline.php(130): Illuminate\\Routing\\Router->Illuminate\\Routing\\{closure}(Object(Illuminate\\Http\\Request))
#8 /home/kejgvadt/domains/technocometsolutions.com/public_html/artist/vendor/laravel/framework/src/Illuminate/Routing/Middleware/SubstituteBindings.php(41): Illuminate\\Pipeline\\Pipeline->Illuminate\\Pipeline\\{closure}(Object(Illuminate\\Http\\Request))
#9 /home/kejgvadt/domains/technocometsolutions.com/public_html/artist/vendor/laravel/framework/src/Illuminate/Pipeline/Pipeline.php(171): Illuminate\\Routing\\Middleware\\SubstituteBindings->handle(Object(Illuminate\\Http\\Request), Object(Closure))
#10 /home/kejgvadt/domains/technocometsolutions.com/public_html/artist/vendor/laravel/framework/src/Illuminate/Routing/Middleware/ThrottleRequests.php(59): Illuminate\\Pipeline\\Pipeline->Illuminate\\Pipeline\\{closure}(Object(Illuminate\\Http\\Request))
#11 /home/kejgvadt/domains/technocometsolutions.com/public_html/artist/vendor/laravel/framework/src/Illuminate/Pipeline/Pipeline.php(171): Illuminate\\Routing\\Middleware\\ThrottleRequests->handle(Object(Illuminate\\Http\\Request), Object(Closure), 60, '1')
#12 /home/kejgvadt/domains/technocometsolutions.com/public_html/artist/vendor/laravel/framework/src/Illuminate/Pipeline/Pipeline.php(105): Illuminate\\Pipeline\\Pipeline->Illuminate\\Pipeline\\{closure}(Object(Illuminate\\Http\\Request))
#13 /home/kejgvadt/domains/technocometsolutions.com/public_html/artist/vendor/laravel/framework/src/Illuminate/Routing/Router.php(682): Illuminate\\Pipeline\\Pipeline->then(Object(Closure))
#14 /home/kejgvadt/domains/technocometsolutions.com/public_html/artist/vendor/laravel/framework/src/Illuminate/Routing/Router.php(657): Illuminate\\Routing\\Router->runRouteWithinStack(Object(Illuminate\\Routing\\Route), Object(Illuminate\\Http\\Request))
#15 /home/kejgvadt/domains/technocometsolutions.com/public_html/artist/vendor/laravel/framework/src/Illuminate/Routing/Router.php(623): Illuminate\\Routing\\Router->runRoute(Object(Illuminate\\Http\\Request), Object(Illuminate\\Routing\\Route))
#16 /home/kejgvadt/domains/technocometsolutions.com/public_html/artist/vendor/laravel/framework/src/Illuminate/Routing/Router.php(612): Illuminate\\Routing\\Router->dispatchToRoute(Object(Illuminate\\Http\\Request))
#17 /home/kejgvadt/domains/technocometsolutions.com/public_html/artist/vendor/laravel/framework/src/Illuminate/Foundation/Http/Kernel.php(176): Illuminate\\Routing\\Router->dispatch(Object(Illuminate\\Http\\Request))
#18 /home/kejgvadt/domains/technocometsolutions.com/public_html/artist/vendor/laravel/framework/src/Illuminate/Pipeline/Pipeline.php(130): Illuminate\\Foundation\\Http\\Kernel->Illuminate\\Foundation\\Http\\{closure}(Object(Illuminate\\Http\\Request))
#19 /home/kejgvadt/domains/technocometsolutions.com/public_html/artist/vendor/laravel/framework/src/Illuminate/Foundation/Http/Middleware/TransformsRequest.php(21): Illuminate\\Pipeline\\Pipeline->Illuminate\\Pipeline\\{closure}(Object(Illuminate\\Http\\Request))
#20 /home/kejgvadt/domains/technocometsolutions.com/public_html/artist/vendor/laravel/framework/src/Illuminate/Pipeline/Pipeline.php(171): Illuminate\\Foundation\\Http\\Middleware\\TransformsRequest->handle(Object(Illuminate\\Http\\Request), Object(Closure))
#21 /home/kejgvadt/domains/technocometsolutions.com/public_html/artist/vendor/laravel/framework/src/Illuminate/Foundation/Http/Middleware/TransformsRequest.php(21): Illuminate\\Pipeline\\Pipeline->Illuminate\\Pipeline\\{closure}(Object(Illuminate\\Http\\Request))
#22 /home/kejgvadt/domains/technocometsolutions.com/public_html/artist/vendor/laravel/framework/src/Illuminate/Pipeline/Pipeline.php(171): Illuminate\\Foundation\\Http\\Middleware\\TransformsRequest->handle(Object(Illuminate\\Http\\Request), Object(Closure))
#23 /home/kejgvadt/domains/technocometsolutions.com/public_html/artist/vendor/laravel/framework/src/Illuminate/Foundation/Http/Middleware/ValidatePostSize.php(27): Illuminate\\Pipeline\\Pipeline->Illuminate\\Pipeline\\{closure}(Object(Illuminate\\Http\\Request))
#24 /home/kejgvadt/domains/technocometsolutions.com/public_html/artist/vendor/laravel/framework/src/Illuminate/Pipeline/Pipeline.php(171): Illuminate\\Foundation\\Http\\Middleware\\ValidatePostSize->handle(Object(Illuminate\\Http\\Request), Object(Closure))
#25 /home/kejgvadt/domains/technocometsolutions.com/public_html/artist/vendor/laravel/framework/src/Illuminate/Foundation/Http/Middleware/CheckForMaintenanceMode.php(62): Illuminate\\Pipeline\\Pipeline->Illuminate\\Pipeline\\{closure}(Object(Illuminate\\Http\\Request))
#26 /home/kejgvadt/domains/technocometsolutions.com/public_html/artist/vendor/laravel/framework/src/Illuminate/Pipeline/Pipeline.php(171): Illuminate\\Foundation\\Http\\Middleware\\CheckForMaintenanceMode->handle(Object(Illuminate\\Http\\Request), Object(Closure))
#27 /home/kejgvadt/domains/technocometsolutions.com/public_html/artist/vendor/fideloper/proxy/src/TrustProxies.php(57): Illuminate\\Pipeline\\Pipeline->Illuminate\\Pipeline\\{closure}(Object(Illuminate\\Http\\Request))
#28 /home/kejgvadt/domains/technocometsolutions.com/public_html/artist/vendor/laravel/framework/src/Illuminate/Pipeline/Pipeline.php(171): Fideloper\\Proxy\\TrustProxies->handle(Object(Illuminate\\Http\\Request), Object(Closure))
#29 /home/kejgvadt/domains/technocometsolutions.com/public_html/artist/vendor/laravel/framework/src/Illuminate/Pipeline/Pipeline.php(105): Illuminate\\Pipeline\\Pipeline->Illuminate\\Pipeline\\{closure}(Object(Illuminate\\Http\\Request))
#30 /home/kejgvadt/domains/technocometsolutions.com/public_html/artist/vendor/laravel/framework/src/Illuminate/Foundation/Http/Kernel.php(151): Illuminate\\Pipeline\\Pipeline->then(Object(Closure))
#31 /home/kejgvadt/domains/technocometsolutions.com/public_html/artist/vendor/laravel/framework/src/Illuminate/Foundation/Http/Kernel.php(116): Illuminate\\Foundation\\Http\\Kernel->sendRequestThroughRouter(Object(Illuminate\\Http\\Request))
#32 /home/kejgvadt/domains/technocometsolutions.com/public_html/artist/public/index.php(55): Illuminate\\Foundation\\Http\\Kernel->handle(Object(Illuminate\\Http\\Request))
#33 /home/kejgvadt/domains/technocometsolutions.com/public_html/artist/index.php(21): require_once('/home/kejgvadt/...')
#34 {main}
"} 
[2019-11-29 03:23:02] local.ERROR: Trying to get property 'at_sallon_friday' of non-object {"exception":"[object] (ErrorException(code: 0): Trying to get property 'at_sallon_friday' of non-object at /home/kejgvadt/domains/technocometsolutions.com/public_html/artist/Modules/Order/Http/Controllers/CustomerOrderApiController.php:1087)
[stacktrace]
#0 /home/kejgvadt/domains/technocometsolutions.com/public_html/artist/Modules/Order/Http/Controllers/CustomerOrderApiController.php(1087): Illuminate\\Foundation\\Bootstrap\\HandleExceptions->handleError(8, 'Trying to get p...', '/home/kejgvadt/...', 1087, Array)
#1 [internal function]: Modules\\Order\\Http\\Controllers\\CustomerOrderApiController->OrderTimeslotGet(Object(Illuminate\\Http\\Request))
#2 /home/kejgvadt/domains/technocometsolutions.com/public_html/artist/vendor/laravel/framework/src/Illuminate/Routing/Controller.php(54): call_user_func_array(Array, Array)
#3 /home/kejgvadt/domains/technocometsolutions.com/public_html/artist/vendor/laravel/framework/src/Illuminate/Routing/ControllerDispatcher.php(45): Illuminate\\Routing\\Controller->callAction('OrderTimeslotGe...', Array)
#4 /home/kejgvadt/domains/technocometsolutions.com/public_html/artist/vendor/laravel/framework/src/Illuminate/Routing/Route.php(219): Illuminate\\Routing\\ControllerDispatcher->dispatch(Object(Illuminate\\Routing\\Route), Object(Modules\\Order\\Http\\Controllers\\CustomerOrderApiController), 'OrderTimeslotGe...')
#5 /home/kejgvadt/domains/technocometsolutions.com/public_html/artist/vendor/laravel/framework/src/Illuminate/Routing/Route.php(176): Illuminate\\Routing\\Route->runController()
#6 /home/kejgvadt/domains/technocometsolutions.com/public_html/artist/vendor/laravel/framework/src/Illuminate/Routing/Router.php(680): Illuminate\\Routing\\Route->run()
#7 /home/kejgvadt/domains/technocometsolutions.com/public_html/artist/vendor/laravel/framework/src/Illuminate/Pipeline/Pipeline.php(130): Illuminate\\Routing\\Router->Illuminate\\Routing\\{closure}(Object(Illuminate\\Http\\Request))
#8 /home/kejgvadt/domains/technocometsolutions.com/public_html/artist/vendor/laravel/framework/src/Illuminate/Routing/Middleware/SubstituteBindings.php(41): Illuminate\\Pipeline\\Pipeline->Illuminate\\Pipeline\\{closure}(Object(Illuminate\\Http\\Request))
#9 /home/kejgvadt/domains/technocometsolutions.com/public_html/artist/vendor/laravel/framework/src/Illuminate/Pipeline/Pipeline.php(171): Illuminate\\Routing\\Middleware\\SubstituteBindings->handle(Object(Illuminate\\Http\\Request), Object(Closure))
#10 /home/kejgvadt/domains/technocometsolutions.com/public_html/artist/vendor/laravel/framework/src/Illuminate/Routing/Middleware/ThrottleRequests.php(59): Illuminate\\Pipeline\\Pipeline->Illuminate\\Pipeline\\{closure}(Object(Illuminate\\Http\\Request))
#11 /home/kejgvadt/domains/technocometsolutions.com/public_html/artist/vendor/laravel/framework/src/Illuminate/Pipeline/Pipeline.php(171): Illuminate\\Routing\\Middleware\\ThrottleRequests->handle(Object(Illuminate\\Http\\Request), Object(Closure), 60, '1')
#12 /home/kejgvadt/domains/technocometsolutions.com/public_html/artist/vendor/laravel/framework/src/Illuminate/Pipeline/Pipeline.php(105): Illuminate\\Pipeline\\Pipeline->Illuminate\\Pipeline\\{closure}(Object(Illuminate\\Http\\Request))
#13 /home/kejgvadt/domains/technocometsolutions.com/public_html/artist/vendor/laravel/framework/src/Illuminate/Routing/Router.php(682): Illuminate\\Pipeline\\Pipeline->then(Object(Closure))
#14 /home/kejgvadt/domains/technocometsolutions.com/public_html/artist/vendor/laravel/framework/src/Illuminate/Routing/Router.php(657): Illuminate\\Routing\\Router->runRouteWithinStack(Object(Illuminate\\Routing\\Route), Object(Illuminate\\Http\\Request))
#15 /home/kejgvadt/domains/technocometsolutions.com/public_html/artist/vendor/laravel/framework/src/Illuminate/Routing/Router.php(623): Illuminate\\Routing\\Router->runRoute(Object(Illuminate\\Http\\Request), Object(Illuminate\\Routing\\Route))
#16 /home/kejgvadt/domains/technocometsolutions.com/public_html/artist/vendor/laravel/framework/src/Illuminate/Routing/Router.php(612): Illuminate\\Routing\\Router->dispatchToRoute(Object(Illuminate\\Http\\Request))
#17 /home/kejgvadt/domains/technocometsolutions.com/public_html/artist/vendor/laravel/framework/src/Illuminate/Foundation/Http/Kernel.php(176): Illuminate\\Routing\\Router->dispatch(Object(Illuminate\\Http\\Request))
#18 /home/kejgvadt/domains/technocometsolutions.com/public_html/artist/vendor/laravel/framework/src/Illuminate/Pipeline/Pipeline.php(130): Illuminate\\Foundation\\Http\\Kernel->Illuminate\\Foundation\\Http\\{closure}(Object(Illuminate\\Http\\Request))
#19 /home/kejgvadt/domains/technocometsolutions.com/public_html/artist/vendor/laravel/framework/src/Illuminate/Foundation/Http/Middleware/TransformsRequest.php(21): Illuminate\\Pipeline\\Pipeline->Illuminate\\Pipeline\\{closure}(Object(Illuminate\\Http\\Request))
#20 /home/kejgvadt/domains/technocometsolutions.com/public_html/artist/vendor/laravel/framework/src/Illuminate/Pipeline/Pipeline.php(171): Illuminate\\Foundation\\Http\\Middleware\\TransformsRequest->handle(Object(Illuminate\\Http\\Request), Object(Closure))
#21 /home/kejgvadt/domains/technocometsolutions.com/public_html/artist/vendor/laravel/framework/src/Illuminate/Foundation/Http/Middleware/TransformsRequest.php(21): Illuminate\\Pipeline\\Pipeline->Illuminate\\Pipeline\\{closure}(Object(Illuminate\\Http\\Request))
#22 /home/kejgvadt/domains/technocometsolutions.com/public_html/artist/vendor/laravel/framework/src/Illuminate/Pipeline/Pipeline.php(171): Illuminate\\Foundation\\Http\\Middleware\\TransformsRequest->handle(Object(Illuminate\\Http\\Request), Object(Closure))
#23 /home/kejgvadt/domains/technocometsolutions.com/public_html/artist/vendor/laravel/framework/src/Illuminate/Foundation/Http/Middleware/ValidatePostSize.php(27): Illuminate\\Pipeline\\Pipeline->Illuminate\\Pipeline\\{closure}(Object(Illuminate\\Http\\Request))
#24 /home/kejgvadt/domains/technocometsolutions.com/public_html/artist/vendor/laravel/framework/src/Illuminate/Pipeline/Pipeline.php(171): Illuminate\\Foundation\\Http\\Middleware\\ValidatePostSize->handle(Object(Illuminate\\Http\\Request), Object(Closure))
#25 /home/kejgvadt/domains/technocometsolutions.com/public_html/artist/vendor/laravel/framework/src/Illuminate/Foundation/Http/Middleware/CheckForMaintenanceMode.php(62): Illuminate\\Pipeline\\Pipeline->Illuminate\\Pipeline\\{closure}(Object(Illuminate\\Http\\Request))
#26 /home/kejgvadt/domains/technocometsolutions.com/public_html/artist/vendor/laravel/framework/src/Illuminate/Pipeline/Pipeline.php(171): Illuminate\\Foundation\\Http\\Middleware\\CheckForMaintenanceMode->handle(Object(Illuminate\\Http\\Request), Object(Closure))
#27 /home/kejgvadt/domains/technocometsolutions.com/public_html/artist/vendor/fideloper/proxy/src/TrustProxies.php(57): Illuminate\\Pipeline\\Pipeline->Illuminate\\Pipeline\\{closure}(Object(Illuminate\\Http\\Request))
#28 /home/kejgvadt/domains/technocometsolutions.com/public_html/artist/vendor/laravel/framework/src/Illuminate/Pipeline/Pipeline.php(171): Fideloper\\Proxy\\TrustProxies->handle(Object(Illuminate\\Http\\Request), Object(Closure))
#29 /home/kejgvadt/domains/technocometsolutions.com/public_html/artist/vendor/laravel/framework/src/Illuminate/Pipeline/Pipeline.php(105): Illuminate\\Pipeline\\Pipeline->Illuminate\\Pipeline\\{closure}(Object(Illuminate\\Http\\Request))
#30 /home/kejgvadt/domains/technocometsolutions.com/public_html/artist/vendor/laravel/framework/src/Illuminate/Foundation/Http/Kernel.php(151): Illuminate\\Pipeline\\Pipeline->then(Object(Closure))
#31 /home/kejgvadt/domains/technocometsolutions.com/public_html/artist/vendor/laravel/framework/src/Illuminate/Foundation/Http/Kernel.php(116): Illuminate\\Foundation\\Http\\Kernel->sendRequestThroughRouter(Object(Illuminate\\Http\\Request))
#32 /home/kejgvadt/domains/technocometsolutions.com/public_html/artist/public/index.php(55): Illuminate\\Foundation\\Http\\Kernel->handle(Object(Illuminate\\Http\\Request))
#33 /home/kejgvadt/domains/technocometsolutions.com/public_html/artist/index.php(21): require_once('/home/kejgvadt/...')
#34 {main}
"} 
[2019-11-29 03:23:27] local.ERROR: Trying to get property 'at_sallon_friday' of non-object {"exception":"[object] (ErrorException(code: 0): Trying to get property 'at_sallon_friday' of non-object at /home/kejgvadt/domains/technocometsolutions.com/public_html/artist/Modules/Order/Http/Controllers/CustomerOrderApiController.php:1087)
[stacktrace]
#0 /home/kejgvadt/domains/technocometsolutions.com/public_html/artist/Modules/Order/Http/Controllers/CustomerOrderApiController.php(1087): Illuminate\\Foundation\\Bootstrap\\HandleExceptions->handleError(8, 'Trying to get p...', '/home/kejgvadt/...', 1087, Array)
#1 [internal function]: Modules\\Order\\Http\\Controllers\\CustomerOrderApiController->OrderTimeslotGet(Object(Illuminate\\Http\\Request))
#2 /home/kejgvadt/domains/technocometsolutions.com/public_html/artist/vendor/laravel/framework/src/Illuminate/Routing/Controller.php(54): call_user_func_array(Array, Array)
#3 /home/kejgvadt/domains/technocometsolutions.com/public_html/artist/vendor/laravel/framework/src/Illuminate/Routing/ControllerDispatcher.php(45): Illuminate\\Routing\\Controller->callAction('OrderTimeslotGe...', Array)
#4 /home/kejgvadt/domains/technocometsolutions.com/public_html/artist/vendor/laravel/framework/src/Illuminate/Routing/Route.php(219): Illuminate\\Routing\\ControllerDispatcher->dispatch(Object(Illuminate\\Routing\\Route), Object(Modules\\Order\\Http\\Controllers\\CustomerOrderApiController), 'OrderTimeslotGe...')
#5 /home/kejgvadt/domains/technocometsolutions.com/public_html/artist/vendor/laravel/framework/src/Illuminate/Routing/Route.php(176): Illuminate\\Routing\\Route->runController()
#6 /home/kejgvadt/domains/technocometsolutions.com/public_html/artist/vendor/laravel/framework/src/Illuminate/Routing/Router.php(680): Illuminate\\Routing\\Route->run()
#7 /home/kejgvadt/domains/technocometsolutions.com/public_html/artist/vendor/laravel/framework/src/Illuminate/Pipeline/Pipeline.php(130): Illuminate\\Routing\\Router->Illuminate\\Routing\\{closure}(Object(Illuminate\\Http\\Request))
#8 /home/kejgvadt/domains/technocometsolutions.com/public_html/artist/vendor/laravel/framework/src/Illuminate/Routing/Middleware/SubstituteBindings.php(41): Illuminate\\Pipeline\\Pipeline->Illuminate\\Pipeline\\{closure}(Object(Illuminate\\Http\\Request))
#9 /home/kejgvadt/domains/technocometsolutions.com/public_html/artist/vendor/laravel/framework/src/Illuminate/Pipeline/Pipeline.php(171): Illuminate\\Routing\\Middleware\\SubstituteBindings->handle(Object(Illuminate\\Http\\Request), Object(Closure))
#10 /home/kejgvadt/domains/technocometsolutions.com/public_html/artist/vendor/laravel/framework/src/Illuminate/Routing/Middleware/ThrottleRequests.php(59): Illuminate\\Pipeline\\Pipeline->Illuminate\\Pipeline\\{closure}(Object(Illuminate\\Http\\Request))
#11 /home/kejgvadt/domains/technocometsolutions.com/public_html/artist/vendor/laravel/framework/src/Illuminate/Pipeline/Pipeline.php(171): Illuminate\\Routing\\Middleware\\ThrottleRequests->handle(Object(Illuminate\\Http\\Request), Object(Closure), 60, '1')
#12 /home/kejgvadt/domains/technocometsolutions.com/public_html/artist/vendor/laravel/framework/src/Illuminate/Pipeline/Pipeline.php(105): Illuminate\\Pipeline\\Pipeline->Illuminate\\Pipeline\\{closure}(Object(Illuminate\\Http\\Request))
#13 /home/kejgvadt/domains/technocometsolutions.com/public_html/artist/vendor/laravel/framework/src/Illuminate/Routing/Router.php(682): Illuminate\\Pipeline\\Pipeline->then(Object(Closure))
#14 /home/kejgvadt/domains/technocometsolutions.com/public_html/artist/vendor/laravel/framework/src/Illuminate/Routing/Router.php(657): Illuminate\\Routing\\Router->runRouteWithinStack(Object(Illuminate\\Routing\\Route), Object(Illuminate\\Http\\Request))
#15 /home/kejgvadt/domains/technocometsolutions.com/public_html/artist/vendor/laravel/framework/src/Illuminate/Routing/Router.php(623): Illuminate\\Routing\\Router->runRoute(Object(Illuminate\\Http\\Request), Object(Illuminate\\Routing\\Route))
#16 /home/kejgvadt/domains/technocometsolutions.com/public_html/artist/vendor/laravel/framework/src/Illuminate/Routing/Router.php(612): Illuminate\\Routing\\Router->dispatchToRoute(Object(Illuminate\\Http\\Request))
#17 /home/kejgvadt/domains/technocometsolutions.com/public_html/artist/vendor/laravel/framework/src/Illuminate/Foundation/Http/Kernel.php(176): Illuminate\\Routing\\Router->dispatch(Object(Illuminate\\Http\\Request))
#18 /home/kejgvadt/domains/technocometsolutions.com/public_html/artist/vendor/laravel/framework/src/Illuminate/Pipeline/Pipeline.php(130): Illuminate\\Foundation\\Http\\Kernel->Illuminate\\Foundation\\Http\\{closure}(Object(Illuminate\\Http\\Request))
#19 /home/kejgvadt/domains/technocometsolutions.com/public_html/artist/vendor/laravel/framework/src/Illuminate/Foundation/Http/Middleware/TransformsRequest.php(21): Illuminate\\Pipeline\\Pipeline->Illuminate\\Pipeline\\{closure}(Object(Illuminate\\Http\\Request))
#20 /home/kejgvadt/domains/technocometsolutions.com/public_html/artist/vendor/laravel/framework/src/Illuminate/Pipeline/Pipeline.php(171): Illuminate\\Foundation\\Http\\Middleware\\TransformsRequest->handle(Object(Illuminate\\Http\\Request), Object(Closure))
#21 /home/kejgvadt/domains/technocometsolutions.com/public_html/artist/vendor/laravel/framework/src/Illuminate/Foundation/Http/Middleware/TransformsRequest.php(21): Illuminate\\Pipeline\\Pipeline->Illuminate\\Pipeline\\{closure}(Object(Illuminate\\Http\\Request))
#22 /home/kejgvadt/domains/technocometsolutions.com/public_html/artist/vendor/laravel/framework/src/Illuminate/Pipeline/Pipeline.php(171): Illuminate\\Foundation\\Http\\Middleware\\TransformsRequest->handle(Object(Illuminate\\Http\\Request), Object(Closure))
#23 /home/kejgvadt/domains/technocometsolutions.com/public_html/artist/vendor/laravel/framework/src/Illuminate/Foundation/Http/Middleware/ValidatePostSize.php(27): Illuminate\\Pipeline\\Pipeline->Illuminate\\Pipeline\\{closure}(Object(Illuminate\\Http\\Request))
#24 /home/kejgvadt/domains/technocometsolutions.com/public_html/artist/vendor/laravel/framework/src/Illuminate/Pipeline/Pipeline.php(171): Illuminate\\Foundation\\Http\\Middleware\\ValidatePostSize->handle(Object(Illuminate\\Http\\Request), Object(Closure))
#25 /home/kejgvadt/domains/technocometsolutions.com/public_html/artist/vendor/laravel/framework/src/Illuminate/Foundation/Http/Middleware/CheckForMaintenanceMode.php(62): Illuminate\\Pipeline\\Pipeline->Illuminate\\Pipeline\\{closure}(Object(Illuminate\\Http\\Request))
#26 /home/kejgvadt/domains/technocometsolutions.com/public_html/artist/vendor/laravel/framework/src/Illuminate/Pipeline/Pipeline.php(171): Illuminate\\Foundation\\Http\\Middleware\\CheckForMaintenanceMode->handle(Object(Illuminate\\Http\\Request), Object(Closure))
#27 /home/kejgvadt/domains/technocometsolutions.com/public_html/artist/vendor/fideloper/proxy/src/TrustProxies.php(57): Illuminate\\Pipeline\\Pipeline->Illuminate\\Pipeline\\{closure}(Object(Illuminate\\Http\\Request))
#28 /home/kejgvadt/domains/technocometsolutions.com/public_html/artist/vendor/laravel/framework/src/Illuminate/Pipeline/Pipeline.php(171): Fideloper\\Proxy\\TrustProxies->handle(Object(Illuminate\\Http\\Request), Object(Closure))
#29 /home/kejgvadt/domains/technocometsolutions.com/public_html/artist/vendor/laravel/framework/src/Illuminate/Pipeline/Pipeline.php(105): Illuminate\\Pipeline\\Pipeline->Illuminate\\Pipeline\\{closure}(Object(Illuminate\\Http\\Request))
#30 /home/kejgvadt/domains/technocometsolutions.com/public_html/artist/vendor/laravel/framework/src/Illuminate/Foundation/Http/Kernel.php(151): Illuminate\\Pipeline\\Pipeline->then(Object(Closure))
#31 /home/kejgvadt/domains/technocometsolutions.com/public_html/artist/vendor/laravel/framework/src/Illuminate/Foundation/Http/Kernel.php(116): Illuminate\\Foundation\\Http\\Kernel->sendRequestThroughRouter(Object(Illuminate\\Http\\Request))
#32 /home/kejgvadt/domains/technocometsolutions.com/public_html/artist/public/index.php(55): Illuminate\\Foundation\\Http\\Kernel->handle(Object(Illuminate\\Http\\Request))
#33 /home/kejgvadt/domains/technocometsolutions.com/public_html/artist/index.php(21): require_once('/home/kejgvadt/...')
#34 {main}
"} 
